<?xml version="1.0" encoding="UTF-8"?>
<!-- Generated by org.testng.reporters.JUnitReportReporter -->
<testsuite skipped="0" hostname="Saritha-Jagannathan" name="foodEstimatorServiceTests.edgeCases" tests="7" failures="0" timestamp="2021-08-24T13:17:38 MDT" time="0.007" errors="0">
  <testcase name="num_small_dogs_is_zero" time="0.001" classname="foodEstimatorServiceTests.edgeCases"/>
  <system-out/>
  <testcase name="num_med_dogs_is_max" time="0.001" classname="foodEstimatorServiceTests.edgeCases"/>
  <system-out/>
  <testcase name="num_med_dogs_is_zero" time="0.001" classname="foodEstimatorServiceTests.edgeCases"/>
  <system-out/>
  <testcase name="all_nums_zero" time="0.001" classname="foodEstimatorServiceTests.edgeCases"/>
  <system-out/>
  <testcase name="num_large_dogs_is_zero" time="0.001" classname="foodEstimatorServiceTests.edgeCases"/>
  <system-out/>
  <testcase name="num_large_dogs_is_max" time="0.001" classname="foodEstimatorServiceTests.edgeCases"/>
  <system-out/>
  <testcase name="num_small_dogs_is_max" time="0.001" classname="foodEstimatorServiceTests.edgeCases"/>
  <system-out/>
</testsuite> <!-- foodEstimatorServiceTests.edgeCases -->
