<?xml version="1.0" encoding="UTF-8"?>
<!-- Generated by org.testng.reporters.JUnitReportReporter -->
<testsuite skipped="0" hostname="Saritha-Jagannathan" name="foodEstimatorServiceTests.positiveTestCases" tests="4" failures="0" timestamp="2021-08-24T13:17:38 MDT" time="0.014" errors="0">
  <testcase name="last_month_remaining_as_decimal" time="0.006" classname="foodEstimatorServiceTests.positiveTestCases"/>
  <system-out/>
  <testcase name="total_number_of_dogs_equal_to_30" time="0.001" classname="foodEstimatorServiceTests.positiveTestCases"/>
  <system-out/>
  <testcase name="exampleCase" time="0.006" classname="foodEstimatorServiceTests.positiveTestCases"/>
  <system-out/>
  <testcase name="last_month_remaining_is_zero" time="0.001" classname="foodEstimatorServiceTests.positiveTestCases"/>
  <system-out/>
</testsuite> <!-- foodEstimatorServiceTests.positiveTestCases -->
